<?xml version="1.0" encoding="UTF-8"?>
<testsuite name="demo.Assignment1ApplicationTests" tests="1" skipped="0" failures="0" errors="0" timestamp="2015-03-09T06:41:39" hostname="ip-172-31-33-140" time="0.002">
  <properties/>
  <testcase name="contextLoads" classname="demo.Assignment1ApplicationTests" time="0.002"/>
  <system-out><![CDATA[06:41:34.429 [Test worker] DEBUG o.s.t.c.j.SpringJUnit4ClassRunner - SpringJUnit4ClassRunner constructor called with [class demo.Assignment1ApplicationTests].
06:41:34.480 [Test worker] DEBUG o.s.test.context.BootstrapUtils - Instantiating TestContextBootstrapper from class [org.springframework.test.context.web.WebTestContextBootstrapper]
06:41:34.530 [Test worker] DEBUG o.s.t.c.w.WebTestContextBootstrapper - Found explicit ContextLoader class [org.springframework.boot.test.SpringApplicationContextLoader] for context configuration attributes [ContextConfigurationAttributes@58cbe597 declaringClass = 'demo.Assignment1ApplicationTests', classes = '{class demo.Assignment1Application}', locations = '{}', inheritLocations = true, initializers = '{}', inheritInitializers = true, name = [null], contextLoaderClass = 'org.springframework.boot.test.SpringApplicationContextLoader']
06:41:34.537 [Test worker] DEBUG o.s.t.c.support.ActiveProfilesUtils - Could not find an 'annotation declaring class' for annotation type [org.springframework.test.context.ActiveProfiles] and class [demo.Assignment1ApplicationTests]
06:41:34.552 [Test worker] DEBUG o.s.t.c.w.WebTestContextBootstrapper - @TestExecutionListeners is not present for class [demo.Assignment1ApplicationTests]: using defaults.
06:41:34.574 [Test worker] INFO  o.s.t.c.w.WebTestContextBootstrapper - Loaded default TestExecutionListener class names from location [META-INF/spring.factories]: [org.springframework.test.context.web.ServletTestExecutionListener, org.springframework.test.context.support.DependencyInjectionTestExecutionListener, org.springframework.test.context.support.DirtiesContextTestExecutionListener, org.springframework.test.context.transaction.TransactionalTestExecutionListener, org.springframework.test.context.jdbc.SqlScriptsTestExecutionListener]
06:41:34.585 [Test worker] INFO  o.s.t.c.w.WebTestContextBootstrapper - Could not instantiate TestExecutionListener [org.springframework.test.context.transaction.TransactionalTestExecutionListener]. Specify custom listener classes or make the default listener classes (and their required dependencies) available. Offending class: [org/springframework/transaction/TransactionDefinition]
06:41:34.590 [Test worker] INFO  o.s.t.c.w.WebTestContextBootstrapper - Could not instantiate TestExecutionListener [org.springframework.test.context.jdbc.SqlScriptsTestExecutionListener]. Specify custom listener classes or make the default listener classes (and their required dependencies) available. Offending class: [org/springframework/transaction/interceptor/TransactionAttribute]
06:41:34.599 [Test worker] INFO  o.s.t.c.w.WebTestContextBootstrapper - Using TestExecutionListeners: [org.springframework.test.context.web.ServletTestExecutionListener@370dd96f, org.springframework.test.context.support.DependencyInjectionTestExecutionListener@464149f2, org.springframework.test.context.support.DirtiesContextTestExecutionListener@a0de30b]
06:41:34.608 [Test worker] DEBUG o.s.t.annotation.ProfileValueUtils - Retrieved @ProfileValueSourceConfiguration [null] for test class [demo.Assignment1ApplicationTests]
06:41:34.614 [Test worker] DEBUG o.s.t.annotation.ProfileValueUtils - Retrieved ProfileValueSource type [class org.springframework.test.annotation.SystemProfileValueSource] for class [demo.Assignment1ApplicationTests]
06:41:34.617 [Test worker] DEBUG o.s.t.annotation.ProfileValueUtils - Retrieved @ProfileValueSourceConfiguration [null] for test class [demo.Assignment1ApplicationTests]
06:41:34.622 [Test worker] DEBUG o.s.t.annotation.ProfileValueUtils - Retrieved ProfileValueSource type [class org.springframework.test.annotation.SystemProfileValueSource] for class [demo.Assignment1ApplicationTests]
06:41:34.623 [Test worker] DEBUG o.s.t.annotation.ProfileValueUtils - Retrieved @ProfileValueSourceConfiguration [null] for test class [demo.Assignment1ApplicationTests]
06:41:34.623 [Test worker] DEBUG o.s.t.annotation.ProfileValueUtils - Retrieved ProfileValueSource type [class org.springframework.test.annotation.SystemProfileValueSource] for class [demo.Assignment1ApplicationTests]
06:41:34.625 [Test worker] DEBUG o.s.t.annotation.ProfileValueUtils - Retrieved @ProfileValueSourceConfiguration [null] for test class [demo.Assignment1ApplicationTests]
06:41:34.626 [Test worker] DEBUG o.s.t.annotation.ProfileValueUtils - Retrieved ProfileValueSource type [class org.springframework.test.annotation.SystemProfileValueSource] for class [demo.Assignment1ApplicationTests]
06:41:34.791 [Test worker] DEBUG o.s.core.env.StandardEnvironment - Adding [systemProperties] PropertySource with lowest search precedence
06:41:34.798 [Test worker] DEBUG o.s.core.env.StandardEnvironment - Adding [systemEnvironment] PropertySource with lowest search precedence
06:41:34.803 [Test worker] DEBUG o.s.core.env.StandardEnvironment - Initialized StandardEnvironment with PropertySources [systemProperties,systemEnvironment]
06:41:34.805 [Test worker] DEBUG o.s.core.env.StandardEnvironment - Adding [integrationTest] PropertySource with search precedence immediately lower than [systemEnvironment]

  .   ____          _            __ _ _
 /\\ / ___'_ __ _ _(_)_ __  __ _ \ \ \ \
( ( )\___ | '_ | '_| | '_ \/ _` | \ \ \ \
 \\/  ___)| |_)| | | | | || (_| |  ) ) ) )
  '  |____| .__|_| |_|_| |_\__, | / / / /
 =========|_|==============|___/=/_/_/_/
 :: Spring Boot ::        (v1.2.2.RELEASE)

2015-03-09 06:41:35.256  INFO 29204 --- [    Test worker] o.s.boot.SpringApplication               : Starting application on ip-172-31-33-140 with PID 29204 (/home/ubuntu/.gradle/caches/modules-2/files-2.1/org.springframework.boot/spring-boot/1.2.2.RELEASE/c2495d6c08c742743366f50e25ad76f5dfcd9f75/spring-boot-1.2.2.RELEASE.jar started by ubuntu in /home/ubuntu/SMSPolling)
2015-03-09 06:41:35.399  INFO 29204 --- [    Test worker] o.s.w.c.s.GenericWebApplicationContext   : Refreshing org.springframework.web.context.support.GenericWebApplicationContext@d2be1d0: startup date [Mon Mar 09 06:41:35 UTC 2015]; root of context hierarchy
2015-03-09 06:41:36.871  INFO 29204 --- [    Test worker] o.s.b.f.s.DefaultListableBeanFactory     : Overriding bean definition for bean 'beanNameViewResolver': replacing [Root bean: class [null]; scope=; abstract=false; lazyInit=false; autowireMode=3; dependencyCheck=0; autowireCandidate=true; primary=false; factoryBeanName=org.springframework.boot.autoconfigure.web.ErrorMvcAutoConfiguration$WhitelabelErrorViewConfiguration; factoryMethodName=beanNameViewResolver; initMethodName=null; destroyMethodName=(inferred); defined in class path resource [org/springframework/boot/autoconfigure/web/ErrorMvcAutoConfiguration$WhitelabelErrorViewConfiguration.class]] with [Root bean: class [null]; scope=; abstract=false; lazyInit=false; autowireMode=3; dependencyCheck=0; autowireCandidate=true; primary=false; factoryBeanName=org.springframework.boot.autoconfigure.web.WebMvcAutoConfiguration$WebMvcAutoConfigurationAdapter; factoryMethodName=beanNameViewResolver; initMethodName=null; destroyMethodName=(inferred); defined in class path resource [org/springframework/boot/autoconfigure/web/WebMvcAutoConfiguration$WebMvcAutoConfigurationAdapter.class]]
2015-03-09 06:41:38.776  INFO 29204 --- [    Test worker] b.a.s.AuthenticationManagerConfiguration : 

Using default security password: 9b1c1aa3-e010-4a00-9ee3-d6c6cc5c8ef2

2015-03-09 06:41:38.921  INFO 29204 --- [    Test worker] o.s.s.web.DefaultSecurityFilterChain     : Creating filter chain: org.springframework.security.web.util.matcher.AnyRequestMatcher@1, [org.springframework.security.web.context.request.async.WebAsyncManagerIntegrationFilter@55fbc13, org.springframework.security.web.context.SecurityContextPersistenceFilter@507ec804, org.springframework.security.web.header.HeaderWriterFilter@1bdbf1cb, org.springframework.security.web.authentication.logout.LogoutFilter@684cd861, org.springframework.security.web.authentication.www.BasicAuthenticationFilter@33230bd8, org.springframework.security.web.savedrequest.RequestCacheAwareFilter@20f26c0f, org.springframework.security.web.servletapi.SecurityContextHolderAwareRequestFilter@355245c2, org.springframework.security.web.authentication.AnonymousAuthenticationFilter@913f508, org.springframework.security.web.session.SessionManagementFilter@7d9f820b, org.springframework.security.web.access.ExceptionTranslationFilter@418a3f16, org.springframework.security.web.access.intercept.FilterSecurityInterceptor@6b48111e]
2015-03-09 06:41:39.567  INFO 29204 --- [    Test worker] s.w.s.m.m.a.RequestMappingHandlerAdapter : Looking for @ControllerAdvice: org.springframework.web.context.support.GenericWebApplicationContext@d2be1d0: startup date [Mon Mar 09 06:41:35 UTC 2015]; root of context hierarchy
2015-03-09 06:41:39.662  INFO 29204 --- [    Test worker] s.w.s.m.m.a.RequestMappingHandlerMapping : Mapped "{[/api/v1/moderators],methods=[POST],params=[],headers=[],consumes=[],produces=[],custom=[]}" onto public demo.Moderator demo.Controller.createModerator(demo.Moderator)
2015-03-09 06:41:39.663  INFO 29204 --- [    Test worker] s.w.s.m.m.a.RequestMappingHandlerMapping : Mapped "{[/api/v1/moderators/{id}],methods=[GET],params=[],headers=[],consumes=[],produces=[],custom=[]}" onto public demo.Moderator demo.Controller.moderators(int)
2015-03-09 06:41:39.664  INFO 29204 --- [    Test worker] s.w.s.m.m.a.RequestMappingHandlerMapping : Mapped "{[/api/v1/moderators/{id}],methods=[PUT],params=[],headers=[],consumes=[],produces=[],custom=[]}" onto public demo.Moderator demo.Controller.moderators(int,demo.Moderator)
2015-03-09 06:41:39.665  INFO 29204 --- [    Test worker] s.w.s.m.m.a.RequestMappingHandlerMapping : Mapped "{[/api/v1/moderators/{id}/polls],methods=[POST],params=[],headers=[],consumes=[],produces=[],custom=[]}" onto public demo.PollProxy demo.Controller.createpoll(int,demo.Poll)
2015-03-09 06:41:39.666  INFO 29204 --- [    Test worker] s.w.s.m.m.a.RequestMappingHandlerMapping : Mapped "{[/api/v1/polls/{pollid}],methods=[GET],params=[],headers=[],consumes=[],produces=[],custom=[]}" onto public demo.PollProxy demo.Controller.viewPoll(java.lang.String) throws java.io.IOException
2015-03-09 06:41:39.666  INFO 29204 --- [    Test worker] s.w.s.m.m.a.RequestMappingHandlerMapping : Mapped "{[/api/v1/moderators/{id}/polls/{pollid}],methods=[GET],params=[],headers=[],consumes=[],produces=[],custom=[]}" onto public demo.Poll demo.Controller.viewpollsModer(int,java.lang.String)
2015-03-09 06:41:39.667  INFO 29204 --- [    Test worker] s.w.s.m.m.a.RequestMappingHandlerMapping : Mapped "{[/api/v1/moderators/{id}/polls],methods=[GET],params=[],headers=[],consumes=[],produces=[],custom=[]}" onto public java.util.ArrayList<demo.Poll> demo.Controller.pollsList(int)
2015-03-09 06:41:39.667  INFO 29204 --- [    Test worker] s.w.s.m.m.a.RequestMappingHandlerMapping : Mapped "{[/api/v1/moderators/{id}/polls/{pollid}],methods=[DELETE],params=[],headers=[],consumes=[],produces=[],custom=[]}" onto public void demo.Controller.deletepoll(int,java.lang.String)
2015-03-09 06:41:39.667  INFO 29204 --- [    Test worker] s.w.s.m.m.a.RequestMappingHandlerMapping : Mapped "{[/api/v1/polls/{pollid}],methods=[PUT],params=[],headers=[],consumes=[],produces=[],custom=[]}" onto public void demo.Controller.voteAPoll(java.lang.String,int)
2015-03-09 06:41:39.671  INFO 29204 --- [    Test worker] s.w.s.m.m.a.RequestMappingHandlerMapping : Mapped "{[/error],methods=[],params=[],headers=[],consumes=[],produces=[text/html],custom=[]}" onto public org.springframework.web.servlet.ModelAndView org.springframework.boot.autoconfigure.web.BasicErrorController.errorHtml(javax.servlet.http.HttpServletRequest)
2015-03-09 06:41:39.678  INFO 29204 --- [    Test worker] s.w.s.m.m.a.RequestMappingHandlerMapping : Mapped "{[/error],methods=[],params=[],headers=[],consumes=[],produces=[],custom=[]}" onto public org.springframework.http.ResponseEntity<java.util.Map<java.lang.String, java.lang.Object>> org.springframework.boot.autoconfigure.web.BasicErrorController.error(javax.servlet.http.HttpServletRequest)
2015-03-09 06:41:39.729  INFO 29204 --- [    Test worker] o.s.w.s.handler.SimpleUrlHandlerMapping  : Mapped URL path [/webjars/**] onto handler of type [class org.springframework.web.servlet.resource.ResourceHttpRequestHandler]
2015-03-09 06:41:39.730  INFO 29204 --- [    Test worker] o.s.w.s.handler.SimpleUrlHandlerMapping  : Mapped URL path [/**] onto handler of type [class org.springframework.web.servlet.resource.ResourceHttpRequestHandler]
2015-03-09 06:41:39.783  INFO 29204 --- [    Test worker] o.s.w.s.handler.SimpleUrlHandlerMapping  : Mapped URL path [/**/favicon.ico] onto handler of type [class org.springframework.web.servlet.resource.ResourceHttpRequestHandler]
2015-03-09 06:41:39.906  INFO 29204 --- [    Test worker] o.s.boot.SpringApplication               : Started application in 5.085 seconds (JVM running for 7.476)
]]></system-out>
  <system-err><![CDATA[]]></system-err>
</testsuite>
