<?xml version="1.0" encoding="UTF-8"?>
<testsuite name="demo.Assignment1ApplicationTests" tests="1" skipped="0" failures="0" errors="0" timestamp="2015-03-09T08:15:58" hostname="ip-172-31-33-140" time="0.002">
  <properties/>
  <testcase name="contextLoads" classname="demo.Assignment1ApplicationTests" time="0.002"/>
  <system-out><![CDATA[08:15:54.079 [Test worker] DEBUG o.s.t.c.j.SpringJUnit4ClassRunner - SpringJUnit4ClassRunner constructor called with [class demo.Assignment1ApplicationTests].
08:15:54.117 [Test worker] DEBUG o.s.test.context.BootstrapUtils - Instantiating TestContextBootstrapper from class [org.springframework.test.context.web.WebTestContextBootstrapper]
08:15:54.141 [Test worker] DEBUG o.s.t.c.w.WebTestContextBootstrapper - Found explicit ContextLoader class [org.springframework.boot.test.SpringApplicationContextLoader] for context configuration attributes [ContextConfigurationAttributes@dbc4d39 declaringClass = 'demo.Assignment1ApplicationTests', classes = '{class demo.Assignment1Application}', locations = '{}', inheritLocations = true, initializers = '{}', inheritInitializers = true, name = [null], contextLoaderClass = 'org.springframework.boot.test.SpringApplicationContextLoader']
08:15:54.147 [Test worker] DEBUG o.s.t.c.support.ActiveProfilesUtils - Could not find an 'annotation declaring class' for annotation type [org.springframework.test.context.ActiveProfiles] and class [demo.Assignment1ApplicationTests]
08:15:54.154 [Test worker] DEBUG o.s.t.c.w.WebTestContextBootstrapper - @TestExecutionListeners is not present for class [demo.Assignment1ApplicationTests]: using defaults.
08:15:54.163 [Test worker] INFO  o.s.t.c.w.WebTestContextBootstrapper - Loaded default TestExecutionListener class names from location [META-INF/spring.factories]: [org.springframework.test.context.web.ServletTestExecutionListener, org.springframework.test.context.support.DependencyInjectionTestExecutionListener, org.springframework.test.context.support.DirtiesContextTestExecutionListener, org.springframework.test.context.transaction.TransactionalTestExecutionListener, org.springframework.test.context.jdbc.SqlScriptsTestExecutionListener]
08:15:54.171 [Test worker] INFO  o.s.t.c.w.WebTestContextBootstrapper - Could not instantiate TestExecutionListener [org.springframework.test.context.transaction.TransactionalTestExecutionListener]. Specify custom listener classes or make the default listener classes (and their required dependencies) available. Offending class: [org/springframework/transaction/TransactionDefinition]
08:15:54.179 [Test worker] INFO  o.s.t.c.w.WebTestContextBootstrapper - Could not instantiate TestExecutionListener [org.springframework.test.context.jdbc.SqlScriptsTestExecutionListener]. Specify custom listener classes or make the default listener classes (and their required dependencies) available. Offending class: [org/springframework/transaction/interceptor/TransactionAttribute]
08:15:54.184 [Test worker] INFO  o.s.t.c.w.WebTestContextBootstrapper - Using TestExecutionListeners: [org.springframework.test.context.web.ServletTestExecutionListener@67aedbbc, org.springframework.test.context.support.DependencyInjectionTestExecutionListener@85f3a62, org.springframework.test.context.support.DirtiesContextTestExecutionListener@63616bbd]
08:15:54.191 [Test worker] DEBUG o.s.t.annotation.ProfileValueUtils - Retrieved @ProfileValueSourceConfiguration [null] for test class [demo.Assignment1ApplicationTests]
08:15:54.193 [Test worker] DEBUG o.s.t.annotation.ProfileValueUtils - Retrieved ProfileValueSource type [class org.springframework.test.annotation.SystemProfileValueSource] for class [demo.Assignment1ApplicationTests]
08:15:54.195 [Test worker] DEBUG o.s.t.annotation.ProfileValueUtils - Retrieved @ProfileValueSourceConfiguration [null] for test class [demo.Assignment1ApplicationTests]
08:15:54.196 [Test worker] DEBUG o.s.t.annotation.ProfileValueUtils - Retrieved ProfileValueSource type [class org.springframework.test.annotation.SystemProfileValueSource] for class [demo.Assignment1ApplicationTests]
08:15:54.202 [Test worker] DEBUG o.s.t.annotation.ProfileValueUtils - Retrieved @ProfileValueSourceConfiguration [null] for test class [demo.Assignment1ApplicationTests]
08:15:54.202 [Test worker] DEBUG o.s.t.annotation.ProfileValueUtils - Retrieved ProfileValueSource type [class org.springframework.test.annotation.SystemProfileValueSource] for class [demo.Assignment1ApplicationTests]
08:15:54.204 [Test worker] DEBUG o.s.t.annotation.ProfileValueUtils - Retrieved @ProfileValueSourceConfiguration [null] for test class [demo.Assignment1ApplicationTests]
08:15:54.210 [Test worker] DEBUG o.s.t.annotation.ProfileValueUtils - Retrieved ProfileValueSource type [class org.springframework.test.annotation.SystemProfileValueSource] for class [demo.Assignment1ApplicationTests]
08:15:54.305 [Test worker] DEBUG o.s.core.env.StandardEnvironment - Adding [systemProperties] PropertySource with lowest search precedence
08:15:54.310 [Test worker] DEBUG o.s.core.env.StandardEnvironment - Adding [systemEnvironment] PropertySource with lowest search precedence
08:15:54.314 [Test worker] DEBUG o.s.core.env.StandardEnvironment - Initialized StandardEnvironment with PropertySources [systemProperties,systemEnvironment]
08:15:54.316 [Test worker] DEBUG o.s.core.env.StandardEnvironment - Adding [integrationTest] PropertySource with search precedence immediately lower than [systemEnvironment]

  .   ____          _            __ _ _
 /\\ / ___'_ __ _ _(_)_ __  __ _ \ \ \ \
( ( )\___ | '_ | '_| | '_ \/ _` | \ \ \ \
 \\/  ___)| |_)| | | | | || (_| |  ) ) ) )
  '  |____| .__|_| |_|_| |_\__, | / / / /
 =========|_|==============|___/=/_/_/_/
 :: Spring Boot ::        (v1.2.2.RELEASE)

2015-03-09 08:15:54.629  INFO 31270 --- [    Test worker] o.s.boot.SpringApplication               : Starting application on ip-172-31-33-140 with PID 31270 (/home/ubuntu/.gradle/caches/modules-2/files-2.1/org.springframework.boot/spring-boot/1.2.2.RELEASE/c2495d6c08c742743366f50e25ad76f5dfcd9f75/spring-boot-1.2.2.RELEASE.jar started by ubuntu in /home/ubuntu/SMSPolling)
2015-03-09 08:15:54.721  INFO 31270 --- [    Test worker] o.s.w.c.s.GenericWebApplicationContext   : Refreshing org.springframework.web.context.support.GenericWebApplicationContext@317e01aa: startup date [Mon Mar 09 08:15:54 UTC 2015]; root of context hierarchy
2015-03-09 08:15:55.809  INFO 31270 --- [    Test worker] o.s.b.f.s.DefaultListableBeanFactory     : Overriding bean definition for bean 'beanNameViewResolver': replacing [Root bean: class [null]; scope=; abstract=false; lazyInit=false; autowireMode=3; dependencyCheck=0; autowireCandidate=true; primary=false; factoryBeanName=org.springframework.boot.autoconfigure.web.ErrorMvcAutoConfiguration$WhitelabelErrorViewConfiguration; factoryMethodName=beanNameViewResolver; initMethodName=null; destroyMethodName=(inferred); defined in class path resource [org/springframework/boot/autoconfigure/web/ErrorMvcAutoConfiguration$WhitelabelErrorViewConfiguration.class]] with [Root bean: class [null]; scope=; abstract=false; lazyInit=false; autowireMode=3; dependencyCheck=0; autowireCandidate=true; primary=false; factoryBeanName=org.springframework.boot.autoconfigure.web.WebMvcAutoConfiguration$WebMvcAutoConfigurationAdapter; factoryMethodName=beanNameViewResolver; initMethodName=null; destroyMethodName=(inferred); defined in class path resource [org/springframework/boot/autoconfigure/web/WebMvcAutoConfiguration$WebMvcAutoConfigurationAdapter.class]]
2015-03-09 08:15:57.719  INFO 31270 --- [    Test worker] b.a.s.AuthenticationManagerConfiguration : 

Using default security password: 77e0c805-2dd3-46ea-a9ec-292ad34eb591

2015-03-09 08:15:57.864  INFO 31270 --- [    Test worker] o.s.s.web.DefaultSecurityFilterChain     : Creating filter chain: org.springframework.security.web.util.matcher.AnyRequestMatcher@1, [org.springframework.security.web.context.request.async.WebAsyncManagerIntegrationFilter@a5beb67, org.springframework.security.web.context.SecurityContextPersistenceFilter@2eab343a, org.springframework.security.web.header.HeaderWriterFilter@d4c2152, org.springframework.security.web.authentication.logout.LogoutFilter@7f2a9075, org.springframework.security.web.authentication.www.BasicAuthenticationFilter@1259e982, org.springframework.security.web.savedrequest.RequestCacheAwareFilter@1814462c, org.springframework.security.web.servletapi.SecurityContextHolderAwareRequestFilter@42423046, org.springframework.security.web.authentication.AnonymousAuthenticationFilter@56eeedbb, org.springframework.security.web.session.SessionManagementFilter@2df1c2e8, org.springframework.security.web.access.ExceptionTranslationFilter@59f7543d, org.springframework.security.web.access.intercept.FilterSecurityInterceptor@39f9c293]
2015-03-09 08:15:58.516  INFO 31270 --- [    Test worker] s.w.s.m.m.a.RequestMappingHandlerAdapter : Looking for @ControllerAdvice: org.springframework.web.context.support.GenericWebApplicationContext@317e01aa: startup date [Mon Mar 09 08:15:54 UTC 2015]; root of context hierarchy
2015-03-09 08:15:58.609  INFO 31270 --- [    Test worker] s.w.s.m.m.a.RequestMappingHandlerMapping : Mapped "{[/api/v1/moderators],methods=[POST],params=[],headers=[],consumes=[],produces=[],custom=[]}" onto public demo.Moderator demo.Controller.createModerator(demo.Moderator)
2015-03-09 08:15:58.610  INFO 31270 --- [    Test worker] s.w.s.m.m.a.RequestMappingHandlerMapping : Mapped "{[/api/v1/moderators/{id}],methods=[GET],params=[],headers=[],consumes=[],produces=[],custom=[]}" onto public demo.Moderator demo.Controller.moderators(int)
2015-03-09 08:15:58.611  INFO 31270 --- [    Test worker] s.w.s.m.m.a.RequestMappingHandlerMapping : Mapped "{[/api/v1/moderators/{id}],methods=[PUT],params=[],headers=[],consumes=[],produces=[],custom=[]}" onto public demo.Moderator demo.Controller.moderators(int,demo.Moderator)
2015-03-09 08:15:58.611  INFO 31270 --- [    Test worker] s.w.s.m.m.a.RequestMappingHandlerMapping : Mapped "{[/api/v1/moderators/{id}/polls],methods=[POST],params=[],headers=[],consumes=[],produces=[],custom=[]}" onto public demo.PollProxy demo.Controller.createpoll(int,demo.Poll)
2015-03-09 08:15:58.612  INFO 31270 --- [    Test worker] s.w.s.m.m.a.RequestMappingHandlerMapping : Mapped "{[/api/v1/polls/{pollid}],methods=[GET],params=[],headers=[],consumes=[],produces=[],custom=[]}" onto public demo.PollProxy demo.Controller.viewPoll(java.lang.String) throws java.io.IOException
2015-03-09 08:15:58.612  INFO 31270 --- [    Test worker] s.w.s.m.m.a.RequestMappingHandlerMapping : Mapped "{[/api/v1/moderators/{id}/polls/{pollid}],methods=[GET],params=[],headers=[],consumes=[],produces=[],custom=[]}" onto public demo.Poll demo.Controller.viewpollsModer(int,java.lang.String)
2015-03-09 08:15:58.613  INFO 31270 --- [    Test worker] s.w.s.m.m.a.RequestMappingHandlerMapping : Mapped "{[/api/v1/moderators/{id}/polls],methods=[GET],params=[],headers=[],consumes=[],produces=[],custom=[]}" onto public java.util.ArrayList<demo.Poll> demo.Controller.pollsList(int)
2015-03-09 08:15:58.613  INFO 31270 --- [    Test worker] s.w.s.m.m.a.RequestMappingHandlerMapping : Mapped "{[/api/v1/moderators/{id}/polls/{pollid}],methods=[DELETE],params=[],headers=[],consumes=[],produces=[],custom=[]}" onto public void demo.Controller.deletepoll(int,java.lang.String)
2015-03-09 08:15:58.613  INFO 31270 --- [    Test worker] s.w.s.m.m.a.RequestMappingHandlerMapping : Mapped "{[/api/v1/polls/{pollid}],methods=[PUT],params=[],headers=[],consumes=[],produces=[],custom=[]}" onto public void demo.Controller.voteAPoll(java.lang.String,int)
2015-03-09 08:15:58.616  INFO 31270 --- [    Test worker] s.w.s.m.m.a.RequestMappingHandlerMapping : Mapped "{[/error],methods=[],params=[],headers=[],consumes=[],produces=[text/html],custom=[]}" onto public org.springframework.web.servlet.ModelAndView org.springframework.boot.autoconfigure.web.BasicErrorController.errorHtml(javax.servlet.http.HttpServletRequest)
2015-03-09 08:15:58.619  INFO 31270 --- [    Test worker] s.w.s.m.m.a.RequestMappingHandlerMapping : Mapped "{[/error],methods=[],params=[],headers=[],consumes=[],produces=[],custom=[]}" onto public org.springframework.http.ResponseEntity<java.util.Map<java.lang.String, java.lang.Object>> org.springframework.boot.autoconfigure.web.BasicErrorController.error(javax.servlet.http.HttpServletRequest)
2015-03-09 08:15:58.669  INFO 31270 --- [    Test worker] o.s.w.s.handler.SimpleUrlHandlerMapping  : Mapped URL path [/webjars/**] onto handler of type [class org.springframework.web.servlet.resource.ResourceHttpRequestHandler]
2015-03-09 08:15:58.670  INFO 31270 --- [    Test worker] o.s.w.s.handler.SimpleUrlHandlerMapping  : Mapped URL path [/**] onto handler of type [class org.springframework.web.servlet.resource.ResourceHttpRequestHandler]
2015-03-09 08:15:58.727  INFO 31270 --- [    Test worker] o.s.w.s.handler.SimpleUrlHandlerMapping  : Mapped URL path [/**/favicon.ico] onto handler of type [class org.springframework.web.servlet.resource.ResourceHttpRequestHandler]
2015-03-09 08:15:58.868  INFO 31270 --- [    Test worker] o.s.boot.SpringApplication               : Started application in 4.541 seconds (JVM running for 6.225)
]]></system-out>
  <system-err><![CDATA[]]></system-err>
</testsuite>
